2011-09-30 16:48:46 Notice: Notice (1024): Please change the value of 'Security.salt' in app/config/core.php to a salt value specific to your application in [/var/www/cake/cake/libs/debugger.php, line 694]
2011-09-30 16:48:46 Notice: Notice (1024): Please change the value of 'Security.cipherSeed' in app/config/core.php to a numeric (digits only) seed value specific to your application in [/var/www/cake/cake/libs/debugger.php, line 698]
2011-10-05 16:13:07 Notice: Notice (8): Use of undefined constant IpeAmarelo - assumed 'IpeAmarelo' in [/var/www/cake/app/views/layouts/default.ctp, line 20]
2011-10-05 16:13:07 Notice: Notice (8): Use of undefined constant jpg - assumed 'jpg' in [/var/www/cake/app/views/layouts/default.ctp, line 20]
2011-10-05 16:13:07 Notice: Notice (8): Use of undefined constant IpeAmarelo - assumed 'IpeAmarelo' in [/var/www/cake/app/views/layouts/default.ctp, line 20]
2011-10-05 16:13:07 Notice: Notice (8): Use of undefined constant jpg - assumed 'jpg' in [/var/www/cake/app/views/layouts/default.ctp, line 20]
2011-10-05 16:13:07 Notice: Notice (8): Use of undefined constant IpeAmarelo - assumed 'IpeAmarelo' in [/var/www/cake/app/views/layouts/default.ctp, line 20]
2011-10-05 16:13:07 Notice: Notice (8): Use of undefined constant jpg - assumed 'jpg' in [/var/www/cake/app/views/layouts/default.ctp, line 20]
2011-10-05 16:13:23 Notice: Notice (8): Use of undefined constant IpeAmarelo - assumed 'IpeAmarelo' in [/var/www/cake/app/views/layouts/default.ctp, line 18]
2011-10-05 16:13:23 Notice: Notice (8): Use of undefined constant jpg - assumed 'jpg' in [/var/www/cake/app/views/layouts/default.ctp, line 18]
2011-10-05 16:13:24 Notice: Notice (8): Use of undefined constant IpeAmarelo - assumed 'IpeAmarelo' in [/var/www/cake/app/views/layouts/default.ctp, line 18]
2011-10-05 16:13:24 Notice: Notice (8): Use of undefined constant jpg - assumed 'jpg' in [/var/www/cake/app/views/layouts/default.ctp, line 18]
2011-10-05 16:13:24 Notice: Notice (8): Use of undefined constant IpeAmarelo - assumed 'IpeAmarelo' in [/var/www/cake/app/views/layouts/default.ctp, line 18]
2011-10-05 16:13:24 Notice: Notice (8): Use of undefined constant jpg - assumed 'jpg' in [/var/www/cake/app/views/layouts/default.ctp, line 18]
2011-10-05 16:13:25 Notice: Notice (8): Use of undefined constant IpeAmarelo - assumed 'IpeAmarelo' in [/var/www/cake/app/views/layouts/default.ctp, line 18]
2011-10-05 16:13:25 Notice: Notice (8): Use of undefined constant jpg - assumed 'jpg' in [/var/www/cake/app/views/layouts/default.ctp, line 18]
2011-10-05 16:13:25 Notice: Notice (8): Use of undefined constant IpeAmarelo - assumed 'IpeAmarelo' in [/var/www/cake/app/views/layouts/default.ctp, line 18]
2011-10-05 16:13:25 Notice: Notice (8): Use of undefined constant jpg - assumed 'jpg' in [/var/www/cake/app/views/layouts/default.ctp, line 18]
2011-10-05 16:13:26 Notice: Notice (8): Use of undefined constant IpeAmarelo - assumed 'IpeAmarelo' in [/var/www/cake/app/views/layouts/default.ctp, line 18]
2011-10-05 16:13:26 Notice: Notice (8): Use of undefined constant jpg - assumed 'jpg' in [/var/www/cake/app/views/layouts/default.ctp, line 18]
2011-10-14 16:16:51 Notice: Notice (8): Undefined variable: nome in [/var/www/cake/app/views/pages/obrigado.ctp, line 51]
2011-10-14 16:16:51 Notice: Notice (8): Undefined variable: cidade in [/var/www/cake/app/views/pages/obrigado.ctp, line 51]
2011-10-14 16:17:37 Notice: Notice (8): Undefined offset: 1 in [/var/www/cake/app/views/pages/obrigado.ctp, line 32]
2011-10-14 16:17:52 Notice: Notice (8): Undefined offset: 1 in [/var/www/cake/app/views/pages/obrigado.ctp, line 32]
